{"/Users/rickyang/Desktop/Git/helsinki-full-stack-project/part5/blog-list/frontend/src/App.js": {"path":"/Users/rickyang/Desktop/Git/helsinki-full-stack-project/part5/blog-list/frontend/src/App.js","statementMap":{"0":{"start":{"line":1,"column":0},"end":{"line":null,"column":-1}},"1":{"start":{"line":2,"column":0},"end":{"line":null,"column":-1}},"2":{"start":{"line":3,"column":0},"end":{"line":null,"column":-1}},"3":{"start":{"line":4,"column":0},"end":{"line":null,"column":-1}},"4":{"start":{"line":5,"column":0},"end":{"line":null,"column":-1}},"5":{"start":{"line":6,"column":0},"end":{"line":null,"column":-1}},"6":{"start":{"line":7,"column":0},"end":{"line":null,"column":-1}},"7":{"start":{"line":8,"column":0},"end":{"line":null,"column":-1}},"8":{"start":{"line":10,"column":12},"end":{"line":10,"column":0}},"9":{"start":{"line":11,"column":42},"end":{"line":10,"column":18}},"10":{"start":{"line":10,"column":18},"end":{"line":null,"column":-1}},"11":{"start":{"line":12,"column":26},"end":{"line":10,"column":18}},"12":{"start":{"line":13,"column":28},"end":{"line":10,"column":18}},"13":{"start":{"line":15,"column":22},"end":{"line":15,"column":2}},"14":{"start":{"line":17,"column":2},"end":{"line":null,"column":-1}},"15":{"start":{"line":18,"column":4},"end":{"line":null,"column":-1}},"16":{"start":{"line":18,"column":41},"end":{"line":18,"column":4}},"17":{"start":{"line":21,"column":2},"end":{"line":null,"column":-1}},"18":{"start":{"line":22,"column":27},"end":{"line":22,"column":4}},"19":{"start":{"line":23,"column":4},"end":{"line":27,"column":5}},"20":{"start":{"line":24,"column":19},"end":{"line":24,"column":6}},"21":{"start":{"line":25,"column":6},"end":{"line":null,"column":-1}},"22":{"start":{"line":26,"column":6},"end":{"line":null,"column":-1}},"23":{"start":{"line":30,"column":16},"end":{"line":30,"column":2}},"24":{"start":{"line":31,"column":4},"end":{"line":41,"column":5}},"25":{"start":{"line":32,"column":19},"end":{"line":32,"column":6}},"26":{"start":{"line":33,"column":6},"end":{"line":null,"column":-1}},"27":{"start":{"line":34,"column":6},"end":{"line":null,"column":-1}},"28":{"start":{"line":35,"column":6},"end":{"line":null,"column":-1}},"29":{"start":{"line":37,"column":6},"end":{"line":null,"column":-1}},"30":{"start":{"line":38,"column":6},"end":{"line":null,"column":-1}},"31":{"start":{"line":39,"column":8},"end":{"line":null,"column":-1}},"32":{"start":{"line":44,"column":17},"end":{"line":44,"column":2}},"33":{"start":{"line":45,"column":4},"end":{"line":null,"column":-1}},"34":{"start":{"line":46,"column":4},"end":{"line":null,"column":-1}},"35":{"start":{"line":49,"column":18},"end":{"line":49,"column":2}},"36":{"start":{"line":50,"column":4},"end":{"line":63,"column":5}},"37":{"start":{"line":51,"column":6},"end":{"line":null,"column":-1}},"38":{"start":{"line":52,"column":22},"end":{"line":52,"column":6}},"39":{"start":{"line":53,"column":6},"end":{"line":null,"column":-1}},"40":{"start":{"line":54,"column":6},"end":{"line":null,"column":-1}},"41":{"start":{"line":58,"column":6},"end":{"line":null,"column":-1}},"42":{"start":{"line":60,"column":6},"end":{"line":null,"column":-1}},"43":{"start":{"line":61,"column":8},"end":{"line":null,"column":-1}},"44":{"start":{"line":66,"column":21},"end":{"line":66,"column":2}},"45":{"start":{"line":67,"column":4},"end":{"line":89,"column":5}},"46":{"start":{"line":68,"column":26},"end":{"line":68,"column":6}},"47":{"start":{"line":75,"column":27},"end":{"line":75,"column":6}},"48":{"start":{"line":76,"column":8},"end":{"line":76,"column":40}},"49":{"start":{"line":76,"column":40},"end":{"line":null,"column":-1}},"50":{"start":{"line":77,"column":8},"end":{"line":null,"column":-1}},"51":{"start":{"line":79,"column":6},"end":{"line":null,"column":-1}},"52":{"start":{"line":80,"column":6},"end":{"line":null,"column":-1}},"53":{"start":{"line":84,"column":6},"end":{"line":null,"column":-1}},"54":{"start":{"line":86,"column":6},"end":{"line":null,"column":-1}},"55":{"start":{"line":87,"column":8},"end":{"line":null,"column":-1}},"56":{"start":{"line":92,"column":21},"end":{"line":92,"column":2}},"57":{"start":{"line":93,"column":20},"end":{"line":93,"column":4}},"58":{"start":{"line":96,"column":4},"end":{"line":96,"column":18}},"59":{"start":{"line":96,"column":18},"end":{"line":null,"column":-1}},"60":{"start":{"line":98,"column":4},"end":{"line":111,"column":5}},"61":{"start":{"line":99,"column":6},"end":{"line":null,"column":-1}},"62":{"start":{"line":100,"column":27},"end":{"line":100,"column":6}},"63":{"start":{"line":100,"column":53},"end":{"line":100,"column":27}},"64":{"start":{"line":101,"column":6},"end":{"line":null,"column":-1}},"65":{"start":{"line":102,"column":6},"end":{"line":null,"column":-1}},"66":{"start":{"line":106,"column":6},"end":{"line":null,"column":-1}},"67":{"start":{"line":108,"column":6},"end":{"line":null,"column":-1}},"68":{"start":{"line":109,"column":8},"end":{"line":null,"column":-1}},"69":{"start":{"line":114,"column":2},"end":{"line":125,"column":3}},"70":{"start":{"line":115,"column":4},"end":{"line":null,"column":-1}},"71":{"start":{"line":127,"column":2},"end":{"line":null,"column":-1}},"72":{"start":{"line":139,"column":26},"end":{"line":138,"column":9}},"73":{"start":{"line":141,"column":12},"end":{"line":138,"column":9}}},"fnMap":{"0":{"name":"(anonymous_3)","decl":{"start":{"line":10,"column":12},"end":{"line":10,"column":17}},"loc":{"start":{"line":10,"column":18},"end":{"line":10,"column":0}}},"1":{"name":"(anonymous_4)","decl":{"start":{"line":17,"column":12},"end":{"line":17,"column":17}},"loc":{"start":{"line":17,"column":18},"end":{"line":17,"column":2}}},"2":{"name":"(anonymous_5)","decl":{"start":{"line":18,"column":31},"end":{"line":18,"column":29}},"loc":{"start":{"line":18,"column":41},"end":{"line":18,"column":4}}},"3":{"name":"(anonymous_6)","decl":{"start":{"line":21,"column":12},"end":{"line":21,"column":17}},"loc":{"start":{"line":21,"column":18},"end":{"line":21,"column":2}}},"4":{"name":"(anonymous_7)","decl":{"start":{"line":30,"column":16},"end":{"line":30,"column":22}},"loc":{"start":{"line":30,"column":38},"end":{"line":30,"column":2}}},"5":{"name":"(anonymous_8)","decl":{"start":{"line":38,"column":17},"end":{"line":38,"column":22}},"loc":{"start":{"line":38,"column":23},"end":{"line":38,"column":16}}},"6":{"name":"(anonymous_9)","decl":{"start":{"line":44,"column":17},"end":{"line":44,"column":22}},"loc":{"start":{"line":44,"column":23},"end":{"line":44,"column":2}}},"7":{"name":"(anonymous_10)","decl":{"start":{"line":49,"column":18},"end":{"line":49,"column":24}},"loc":{"start":{"line":49,"column":40},"end":{"line":49,"column":2}}},"8":{"name":"(anonymous_11)","decl":{"start":{"line":60,"column":17},"end":{"line":60,"column":22}},"loc":{"start":{"line":60,"column":23},"end":{"line":60,"column":16}}},"9":{"name":"(anonymous_12)","decl":{"start":{"line":66,"column":21},"end":{"line":66,"column":27}},"loc":{"start":{"line":66,"column":37},"end":{"line":66,"column":2}}},"10":{"name":"(anonymous_13)","decl":{"start":{"line":75,"column":38},"end":{"line":75,"column":36}},"loc":{"start":{"line":75,"column":47},"end":{"line":75,"column":27}}},"11":{"name":"(anonymous_14)","decl":{"start":{"line":86,"column":17},"end":{"line":86,"column":22}},"loc":{"start":{"line":86,"column":23},"end":{"line":86,"column":16}}},"12":{"name":"(anonymous_15)","decl":{"start":{"line":92,"column":21},"end":{"line":92,"column":27}},"loc":{"start":{"line":92,"column":37},"end":{"line":92,"column":2}}},"13":{"name":"(anonymous_16)","decl":{"start":{"line":100,"column":41},"end":{"line":100,"column":39}},"loc":{"start":{"line":100,"column":53},"end":{"line":100,"column":27}}},"14":{"name":"(anonymous_17)","decl":{"start":{"line":108,"column":17},"end":{"line":108,"column":22}},"loc":{"start":{"line":108,"column":23},"end":{"line":108,"column":16}}},"15":{"name":"(anonymous_18)","decl":{"start":{"line":139,"column":16},"end":{"line":139,"column":17}},"loc":{"start":{"line":139,"column":26},"end":{"line":138,"column":9}}},"16":{"name":"(anonymous_19)","decl":{"start":{"line":140,"column":16},"end":{"line":140,"column":14}},"loc":{"start":{"line":141,"column":12},"end":{"line":138,"column":9}}}},"branchMap":{"0":{"loc":{"start":{"line":23,"column":4},"end":{"line":27,"column":5}},"type":"if","locations":[{"start":{"line":23,"column":4},"end":{"line":27,"column":5}},{"start":{"line":23,"column":4},"end":{"line":27,"column":5}}]},"1":{"loc":{"start":{"line":76,"column":8},"end":{"line":76,"column":40}},"type":"if","locations":[{"start":{"line":76,"column":8},"end":{"line":76,"column":40}},{"start":{"line":76,"column":8},"end":{"line":76,"column":40}}]},"2":{"loc":{"start":{"line":96,"column":4},"end":{"line":96,"column":18}},"type":"if","locations":[{"start":{"line":96,"column":4},"end":{"line":96,"column":18}},{"start":{"line":96,"column":4},"end":{"line":96,"column":18}}]},"3":{"loc":{"start":{"line":114,"column":2},"end":{"line":125,"column":3}},"type":"if","locations":[{"start":{"line":114,"column":2},"end":{"line":125,"column":3}},{"start":{"line":114,"column":2},"end":{"line":125,"column":3}}]}},"s":{"0":0,"1":0,"2":0,"3":0,"4":0,"5":0,"6":0,"7":0,"8":0,"9":0,"10":0,"11":0,"12":0,"13":0,"14":0,"15":0,"16":0,"17":0,"18":0,"19":0,"20":0,"21":0,"22":0,"23":0,"24":0,"25":0,"26":0,"27":0,"28":0,"29":0,"30":0,"31":0,"32":0,"33":0,"34":0,"35":0,"36":0,"37":0,"38":0,"39":0,"40":0,"41":0,"42":0,"43":0,"44":0,"45":0,"46":0,"47":0,"48":0,"49":0,"50":0,"51":0,"52":0,"53":0,"54":0,"55":0,"56":0,"57":0,"58":0,"59":0,"60":0,"61":0,"62":0,"63":0,"64":0,"65":0,"66":0,"67":0,"68":0,"69":0,"70":0,"71":0,"72":0,"73":0},"f":{"0":0,"1":0,"2":0,"3":0,"4":0,"5":0,"6":0,"7":0,"8":0,"9":0,"10":0,"11":0,"12":0,"13":0,"14":0,"15":0,"16":0},"b":{"0":[0,0],"1":[0,0],"2":[0,0],"3":[0,0]}}
,"/Users/rickyang/Desktop/Git/helsinki-full-stack-project/part5/blog-list/frontend/src/index.js": {"path":"/Users/rickyang/Desktop/Git/helsinki-full-stack-project/part5/blog-list/frontend/src/index.js","statementMap":{"0":{"start":{"line":1,"column":0},"end":{"line":null,"column":-1}},"1":{"start":{"line":2,"column":0},"end":{"line":null,"column":-1}},"2":{"start":{"line":3,"column":0},"end":{"line":null,"column":-1}},"3":{"start":{"line":5,"column":0},"end":{"line":null,"column":-1}}},"fnMap":{},"branchMap":{},"s":{"0":0,"1":0,"2":0,"3":0},"f":{},"b":{}}
,"/Users/rickyang/Desktop/Git/helsinki-full-stack-project/part5/blog-list/frontend/src/components/Blog.js": {"path":"/Users/rickyang/Desktop/Git/helsinki-full-stack-project/part5/blog-list/frontend/src/components/Blog.js","statementMap":{"0":{"start":{"line":4,"column":13},"end":{"line":38,"column":1}},"1":{"start":{"line":5,"column":20},"end":{"line":11,"column":3}},"2":{"start":{"line":12,"column":38},"end":{"line":12,"column":53}},"3":{"start":{"line":13,"column":19},"end":{"line":13,"column":43}},"4":{"start":{"line":15,"column":2},"end":{"line":37,"column":4}},"5":{"start":{"line":18,"column":29},"end":{"line":18,"column":55}},"6":{"start":{"line":26,"column":35},"end":{"line":26,"column":51}},"7":{"start":{"line":31,"column":37},"end":{"line":31,"column":53}},"8":{"start":{"line":40,"column":0},"end":{"line":45,"column":2}}},"fnMap":{"0":{"name":"(anonymous_0)","decl":{"start":{"line":4,"column":13},"end":{"line":4,"column":14}},"loc":{"start":{"line":4,"column":57},"end":{"line":38,"column":1}},"line":4},"1":{"name":"(anonymous_1)","decl":{"start":{"line":18,"column":23},"end":{"line":18,"column":24}},"loc":{"start":{"line":18,"column":29},"end":{"line":18,"column":55}},"line":18},"2":{"name":"(anonymous_2)","decl":{"start":{"line":26,"column":29},"end":{"line":26,"column":30}},"loc":{"start":{"line":26,"column":35},"end":{"line":26,"column":51}},"line":26},"3":{"name":"(anonymous_3)","decl":{"start":{"line":31,"column":31},"end":{"line":31,"column":32}},"loc":{"start":{"line":31,"column":37},"end":{"line":31,"column":53}},"line":31}},"branchMap":{"0":{"loc":{"start":{"line":19,"column":9},"end":{"line":19,"column":37}},"type":"cond-expr","locations":[{"start":{"line":19,"column":22},"end":{"line":19,"column":28}},{"start":{"line":19,"column":31},"end":{"line":19,"column":37}}],"line":19},"1":{"loc":{"start":{"line":21,"column":7},"end":{"line":35,"column":7}},"type":"binary-expr","locations":[{"start":{"line":21,"column":7},"end":{"line":21,"column":17}},{"start":{"line":22,"column":8},"end":{"line":34,"column":14}}],"line":21},"2":{"loc":{"start":{"line":29,"column":11},"end":{"line":33,"column":11}},"type":"binary-expr","locations":[{"start":{"line":29,"column":11},"end":{"line":29,"column":19}},{"start":{"line":30,"column":12},"end":{"line":32,"column":16}}],"line":29}},"s":{"0":1,"1":3,"2":3,"3":3,"4":3,"5":1,"6":1,"7":1,"8":1},"f":{"0":3,"1":1,"2":1,"3":1},"b":{"0":[1,2],"1":[3,1],"2":[1,1]},"_coverageSchema":"332fd63041d2c1bcb487cc26dd0d5f7d97098a6c","hash":"f112412db1f611ad596f8a1612f6adc8f456233e"}
,"/Users/rickyang/Desktop/Git/helsinki-full-stack-project/part5/blog-list/frontend/src/components/BlogForm.js": {"path":"/Users/rickyang/Desktop/Git/helsinki-full-stack-project/part5/blog-list/frontend/src/components/BlogForm.js","statementMap":{"0":{"start":{"line":4,"column":17},"end":{"line":59,"column":1}},"1":{"start":{"line":5,"column":28},"end":{"line":5,"column":40}},"2":{"start":{"line":6,"column":30},"end":{"line":6,"column":42}},"3":{"start":{"line":7,"column":24},"end":{"line":7,"column":36}},"4":{"start":{"line":9,"column":18},"end":{"line":19,"column":3}},"5":{"start":{"line":10,"column":4},"end":{"line":10,"column":27}},"6":{"start":{"line":11,"column":4},"end":{"line":15,"column":7}},"7":{"start":{"line":16,"column":4},"end":{"line":16,"column":17}},"8":{"start":{"line":17,"column":4},"end":{"line":17,"column":18}},"9":{"start":{"line":18,"column":4},"end":{"line":18,"column":15}},"10":{"start":{"line":21,"column":2},"end":{"line":58,"column":4}},"11":{"start":{"line":32,"column":38},"end":{"line":32,"column":60}},"12":{"start":{"line":42,"column":38},"end":{"line":42,"column":61}},"13":{"start":{"line":52,"column":38},"end":{"line":52,"column":58}},"14":{"start":{"line":61,"column":0},"end":{"line":63,"column":2}}},"fnMap":{"0":{"name":"(anonymous_0)","decl":{"start":{"line":4,"column":17},"end":{"line":4,"column":18}},"loc":{"start":{"line":4,"column":37},"end":{"line":59,"column":1}},"line":4},"1":{"name":"(anonymous_1)","decl":{"start":{"line":9,"column":18},"end":{"line":9,"column":19}},"loc":{"start":{"line":9,"column":35},"end":{"line":19,"column":3}},"line":9},"2":{"name":"(anonymous_2)","decl":{"start":{"line":32,"column":22},"end":{"line":32,"column":23}},"loc":{"start":{"line":32,"column":38},"end":{"line":32,"column":60}},"line":32},"3":{"name":"(anonymous_3)","decl":{"start":{"line":42,"column":22},"end":{"line":42,"column":23}},"loc":{"start":{"line":42,"column":38},"end":{"line":42,"column":61}},"line":42},"4":{"name":"(anonymous_4)","decl":{"start":{"line":52,"column":22},"end":{"line":52,"column":23}},"loc":{"start":{"line":52,"column":38},"end":{"line":52,"column":58}},"line":52}},"branchMap":{},"s":{"0":1,"1":31,"2":31,"3":31,"4":31,"5":1,"6":1,"7":1,"8":1,"9":1,"10":31,"11":11,"12":4,"13":14,"14":1},"f":{"0":31,"1":1,"2":11,"3":4,"4":14},"b":{},"_coverageSchema":"332fd63041d2c1bcb487cc26dd0d5f7d97098a6c","hash":"a407a3c32588e796b0a80ac144d12779652dd5d0"}
,"/Users/rickyang/Desktop/Git/helsinki-full-stack-project/part5/blog-list/frontend/src/components/LoginForm.js": {"path":"/Users/rickyang/Desktop/Git/helsinki-full-stack-project/part5/blog-list/frontend/src/components/LoginForm.js","statementMap":{"0":{"start":{"line":1,"column":0},"end":{"line":null,"column":-1}},"1":{"start":{"line":2,"column":0},"end":{"line":null,"column":-1}},"2":{"start":{"line":4,"column":18},"end":{"line":4,"column":0}},"3":{"start":{"line":5,"column":34},"end":{"line":4,"column":33}},"4":{"start":{"line":4,"column":33},"end":{"line":null,"column":-1}},"5":{"start":{"line":6,"column":34},"end":{"line":4,"column":33}},"6":{"start":{"line":8,"column":22},"end":{"line":8,"column":2}},"7":{"start":{"line":9,"column":4},"end":{"line":null,"column":-1}},"8":{"start":{"line":11,"column":4},"end":{"line":null,"column":-1}},"9":{"start":{"line":15,"column":4},"end":{"line":null,"column":-1}},"10":{"start":{"line":16,"column":4},"end":{"line":null,"column":-1}},"11":{"start":{"line":19,"column":2},"end":{"line":null,"column":-1}},"12":{"start":{"line":28,"column":36},"end":{"line":23,"column":8}},"13":{"start":{"line":38,"column":36},"end":{"line":33,"column":8}},"14":{"start":{"line":46,"column":0},"end":{"line":null,"column":-1}}},"fnMap":{"0":{"name":"(anonymous_3)","decl":{"start":{"line":4,"column":18},"end":{"line":4,"column":19}},"loc":{"start":{"line":4,"column":33},"end":{"line":4,"column":0}}},"1":{"name":"(anonymous_4)","decl":{"start":{"line":8,"column":22},"end":{"line":8,"column":28}},"loc":{"start":{"line":8,"column":39},"end":{"line":8,"column":2}}},"2":{"name":"(anonymous_5)","decl":{"start":{"line":28,"column":20},"end":{"line":28,"column":21}},"loc":{"start":{"line":28,"column":36},"end":{"line":23,"column":8}}},"3":{"name":"(anonymous_6)","decl":{"start":{"line":38,"column":20},"end":{"line":38,"column":21}},"loc":{"start":{"line":38,"column":36},"end":{"line":33,"column":8}}}},"branchMap":{},"s":{"0":0,"1":0,"2":0,"3":0,"4":0,"5":0,"6":0,"7":0,"8":0,"9":0,"10":0,"11":0,"12":0,"13":0,"14":0},"f":{"0":0,"1":0,"2":0,"3":0},"b":{}}
,"/Users/rickyang/Desktop/Git/helsinki-full-stack-project/part5/blog-list/frontend/src/components/Notification.js": {"path":"/Users/rickyang/Desktop/Git/helsinki-full-stack-project/part5/blog-list/frontend/src/components/Notification.js","statementMap":{"0":{"start":{"line":1,"column":0},"end":{"line":null,"column":-1}},"1":{"start":{"line":2,"column":0},"end":{"line":null,"column":-1}},"2":{"start":{"line":4,"column":21},"end":{"line":4,"column":0}},"3":{"start":{"line":5,"column":28},"end":{"line":5,"column":2}},"4":{"start":{"line":16,"column":2},"end":{"line":null,"column":-1}},"5":{"start":{"line":19,"column":0},"end":{"line":null,"column":-1}}},"fnMap":{"0":{"name":"(anonymous_0)","decl":{"start":{"line":4,"column":21},"end":{"line":4,"column":22}},"loc":{"start":{"line":4,"column":45},"end":{"line":4,"column":0}}}},"branchMap":{"0":{"loc":{"start":{"line":12,"column":19},"end":{"line":12,"column":16}},"type":"cond-expr","locations":[{"start":{"line":12,"column":19},"end":{"line":12,"column":16}},{"start":{"line":12,"column":27},"end":{"line":5,"column":28}}]},"1":{"loc":{"start":{"line":13,"column":25},"end":{"line":13,"column":22}},"type":"cond-expr","locations":[{"start":{"line":13,"column":25},"end":{"line":13,"column":22}},{"start":{"line":13,"column":33},"end":{"line":null,"column":-1}}]},"2":{"loc":{"start":{"line":16,"column":9},"end":{"line":16,"column":16}},"type":"binary-expr","locations":[{"start":{"line":16,"column":9},"end":{"line":16,"column":16}},{"start":{"line":16,"column":20},"end":{"line":16,"column":2}}]}},"s":{"0":0,"1":0,"2":0,"3":0,"4":0,"5":0},"f":{"0":0},"b":{"0":[0,0],"1":[0,0],"2":[0,0]}}
,"/Users/rickyang/Desktop/Git/helsinki-full-stack-project/part5/blog-list/frontend/src/components/Togglable.js": {"path":"/Users/rickyang/Desktop/Git/helsinki-full-stack-project/part5/blog-list/frontend/src/components/Togglable.js","statementMap":{"0":{"start":{"line":4,"column":18},"end":{"line":31,"column":2}},"1":{"start":{"line":5,"column":32},"end":{"line":5,"column":47}},"2":{"start":{"line":7,"column":26},"end":{"line":7,"column":60}},"3":{"start":{"line":8,"column":26},"end":{"line":8,"column":60}},"4":{"start":{"line":10,"column":27},"end":{"line":12,"column":3}},"5":{"start":{"line":11,"column":4},"end":{"line":11,"column":25}},"6":{"start":{"line":14,"column":2},"end":{"line":18,"column":5}},"7":{"start":{"line":15,"column":4},"end":{"line":17,"column":6}},"8":{"start":{"line":20,"column":2},"end":{"line":30,"column":4}},"9":{"start":{"line":33,"column":0},"end":{"line":33,"column":36}},"10":{"start":{"line":35,"column":0},"end":{"line":37,"column":2}}},"fnMap":{"0":{"name":"(anonymous_0)","decl":{"start":{"line":4,"column":29},"end":{"line":4,"column":30}},"loc":{"start":{"line":4,"column":66},"end":{"line":31,"column":1}},"line":4},"1":{"name":"(anonymous_1)","decl":{"start":{"line":10,"column":27},"end":{"line":10,"column":28}},"loc":{"start":{"line":10,"column":33},"end":{"line":12,"column":3}},"line":10},"2":{"name":"(anonymous_2)","decl":{"start":{"line":14,"column":28},"end":{"line":14,"column":29}},"loc":{"start":{"line":14,"column":34},"end":{"line":18,"column":3}},"line":14}},"branchMap":{"0":{"loc":{"start":{"line":7,"column":37},"end":{"line":7,"column":58}},"type":"cond-expr","locations":[{"start":{"line":7,"column":47},"end":{"line":7,"column":53}},{"start":{"line":7,"column":56},"end":{"line":7,"column":58}}],"line":7},"1":{"loc":{"start":{"line":8,"column":37},"end":{"line":8,"column":58}},"type":"cond-expr","locations":[{"start":{"line":8,"column":47},"end":{"line":8,"column":49}},{"start":{"line":8,"column":52},"end":{"line":8,"column":58}}],"line":8}},"s":{"0":1,"1":7,"2":7,"3":7,"4":7,"5":3,"6":7,"7":0,"8":7,"9":1,"10":1},"f":{"0":7,"1":3,"2":0},"b":{"0":[2,5],"1":[2,5]},"_coverageSchema":"332fd63041d2c1bcb487cc26dd0d5f7d97098a6c","hash":"ebd77536c2d27a1b5f72f602d54ce34e883f1684"}
,"/Users/rickyang/Desktop/Git/helsinki-full-stack-project/part5/blog-list/frontend/src/services/blogs.js": {"path":"/Users/rickyang/Desktop/Git/helsinki-full-stack-project/part5/blog-list/frontend/src/services/blogs.js","statementMap":{"0":{"start":{"line":1,"column":0},"end":{"line":null,"column":-1}},"1":{"start":{"line":2,"column":16},"end":{"line":2,"column":0}},"2":{"start":{"line":3,"column":12},"end":{"line":3,"column":0}},"3":{"start":{"line":5,"column":18},"end":{"line":5,"column":0}},"4":{"start":{"line":6,"column":2},"end":{"line":null,"column":-1}},"5":{"start":{"line":9,"column":15},"end":{"line":9,"column":0}},"6":{"start":{"line":10,"column":18},"end":{"line":10,"column":2}},"7":{"start":{"line":11,"column":2},"end":{"line":null,"column":-1}},"8":{"start":{"line":11,"column":36},"end":{"line":11,"column":9}},"9":{"start":{"line":14,"column":15},"end":{"line":14,"column":0}},"10":{"start":{"line":15,"column":17},"end":{"line":15,"column":2}},"11":{"start":{"line":19,"column":19},"end":{"line":19,"column":2}},"12":{"start":{"line":20,"column":2},"end":{"line":null,"column":-1}},"13":{"start":{"line":23,"column":15},"end":{"line":23,"column":0}},"14":{"start":{"line":24,"column":17},"end":{"line":24,"column":2}},"15":{"start":{"line":28,"column":18},"end":{"line":28,"column":2}},"16":{"start":{"line":29,"column":2},"end":{"line":null,"column":-1}},"17":{"start":{"line":29,"column":36},"end":{"line":29,"column":9}},"18":{"start":{"line":32,"column":16},"end":{"line":32,"column":0}},"19":{"start":{"line":33,"column":17},"end":{"line":33,"column":2}},"20":{"start":{"line":36,"column":18},"end":{"line":36,"column":2}},"21":{"start":{"line":37,"column":2},"end":{"line":null,"column":-1}},"22":{"start":{"line":37,"column":36},"end":{"line":37,"column":9}},"23":{"start":{"line":40,"column":20},"end":{"line":40,"column":0}}},"fnMap":{"0":{"name":"(anonymous_0)","decl":{"start":{"line":5,"column":18},"end":{"line":5,"column":16}},"loc":{"start":{"line":5,"column":31},"end":{"line":5,"column":0}}},"1":{"name":"(anonymous_1)","decl":{"start":{"line":9,"column":15},"end":{"line":9,"column":20}},"loc":{"start":{"line":9,"column":21},"end":{"line":9,"column":0}}},"2":{"name":"(anonymous_2)","decl":{"start":{"line":11,"column":23},"end":{"line":11,"column":21}},"loc":{"start":{"line":11,"column":36},"end":{"line":11,"column":9}}},"3":{"name":"(anonymous_3)","decl":{"start":{"line":14,"column":15},"end":{"line":14,"column":21}},"loc":{"start":{"line":14,"column":36},"end":{"line":14,"column":0}}},"4":{"name":"(anonymous_4)","decl":{"start":{"line":23,"column":15},"end":{"line":23,"column":16}},"loc":{"start":{"line":23,"column":34},"end":{"line":23,"column":0}}},"5":{"name":"(anonymous_5)","decl":{"start":{"line":29,"column":23},"end":{"line":29,"column":21}},"loc":{"start":{"line":29,"column":36},"end":{"line":29,"column":9}}},"6":{"name":"(anonymous_6)","decl":{"start":{"line":32,"column":16},"end":{"line":32,"column":14}},"loc":{"start":{"line":32,"column":23},"end":{"line":32,"column":0}}},"7":{"name":"(anonymous_7)","decl":{"start":{"line":37,"column":23},"end":{"line":37,"column":21}},"loc":{"start":{"line":37,"column":36},"end":{"line":37,"column":9}}}},"branchMap":{},"s":{"0":0,"1":0,"2":0,"3":0,"4":0,"5":0,"6":0,"7":0,"8":0,"9":0,"10":0,"11":0,"12":0,"13":0,"14":0,"15":0,"16":0,"17":0,"18":0,"19":0,"20":0,"21":0,"22":0,"23":0},"f":{"0":0,"1":0,"2":0,"3":0,"4":0,"5":0,"6":0,"7":0},"b":{}}
,"/Users/rickyang/Desktop/Git/helsinki-full-stack-project/part5/blog-list/frontend/src/services/login.js": {"path":"/Users/rickyang/Desktop/Git/helsinki-full-stack-project/part5/blog-list/frontend/src/services/login.js","statementMap":{"0":{"start":{"line":1,"column":0},"end":{"line":null,"column":-1}},"1":{"start":{"line":2,"column":16},"end":{"line":2,"column":0}},"2":{"start":{"line":4,"column":14},"end":{"line":4,"column":0}},"3":{"start":{"line":5,"column":19},"end":{"line":5,"column":2}},"4":{"start":{"line":6,"column":2},"end":{"line":null,"column":-1}},"5":{"start":{"line":9,"column":21},"end":{"line":9,"column":0}}},"fnMap":{"0":{"name":"(anonymous_0)","decl":{"start":{"line":4,"column":14},"end":{"line":4,"column":20}},"loc":{"start":{"line":4,"column":37},"end":{"line":4,"column":0}}}},"branchMap":{},"s":{"0":0,"1":0,"2":0,"3":0,"4":0,"5":0},"f":{"0":0},"b":{}}
}
